<?xml version="1.0" encoding="UTF-8"?>
<testng-results skipped="0" failed="1" total="1" passed="0">
  <reporter-output>
  </reporter-output>
  <suite name="Default suite" duration-ms="539" started-at="2016-03-26T12:11:00Z" finished-at="2016-03-26T12:11:00Z">
    <groups>
    </groups>
    <test name="Default test" duration-ms="539" started-at="2016-03-26T12:11:00Z" finished-at="2016-03-26T12:11:00Z">
      <class name="com.sample.testng.SampleTestNG">
        <test-method status="FAIL" signature="verifyPageTitle()[pri:0, instance:com.sample.testng.SampleTestNG@1ec1774]" name="verifyPageTitle" duration-ms="515" started-at="2016-03-26T17:41:00Z" finished-at="2016-03-26T17:41:00Z">
          <exception class="java.lang.IllegalStateException">
            <message>
              <![CDATA[The driver executable does not exist: C:\Users\sys\Desktop\Selenium\Drivers\IEDriverServer.exe]]>
            </message>
            <full-stacktrace>
              <![CDATA[java.lang.IllegalStateException: The driver executable does not exist: C:\Users\sys\Desktop\Selenium\Drivers\IEDriverServer.exe
	at com.google.common.base.Preconditions.checkState(Preconditions.java:199)
	at org.openqa.selenium.remote.service.DriverService.checkExecutable(DriverService.java:121)
	at org.openqa.selenium.remote.service.DriverService.findExecutable(DriverService.java:116)
	at org.openqa.selenium.ie.InternetExplorerDriverService.access$0(InternetExplorerDriverService.java:1)
	at org.openqa.selenium.ie.InternetExplorerDriverService$Builder.findDefaultExecutable(InternetExplorerDriverService.java:167)
	at org.openqa.selenium.remote.service.DriverService$Builder.build(DriverService.java:296)
	at org.openqa.selenium.ie.InternetExplorerDriver.setupService(InternetExplorerDriver.java:251)
	at org.openqa.selenium.ie.InternetExplorerDriver.<init>(InternetExplorerDriver.java:172)
	at org.openqa.selenium.ie.InternetExplorerDriver.<init>(InternetExplorerDriver.java:146)
	at com.sample.testng.SampleTestNG.verifyPageTitle(SampleTestNG.java:22)
	at sun.reflect.NativeMethodAccessorImpl.invoke0(Native Method)
	at sun.reflect.NativeMethodAccessorImpl.invoke(Unknown Source)
	at sun.reflect.DelegatingMethodAccessorImpl.invoke(Unknown Source)
	at java.lang.reflect.Method.invoke(Unknown Source)
	at org.testng.internal.MethodInvocationHelper.invokeMethod(MethodInvocationHelper.java:85)
	at org.testng.internal.Invoker.invokeMethod(Invoker.java:639)
	at org.testng.internal.Invoker.invokeTestMethod(Invoker.java:816)
	at org.testng.internal.Invoker.invokeTestMethods(Invoker.java:1124)
	at org.testng.internal.TestMethodWorker.invokeTestMethods(TestMethodWorker.java:125)
	at org.testng.internal.TestMethodWorker.run(TestMethodWorker.java:108)
	at org.testng.TestRunner.privateRun(TestRunner.java:774)
	at org.testng.TestRunner.run(TestRunner.java:624)
	at org.testng.SuiteRunner.runTest(SuiteRunner.java:359)
	at org.testng.SuiteRunner.runSequentially(SuiteRunner.java:354)
	at org.testng.SuiteRunner.privateRun(SuiteRunner.java:312)
	at org.testng.SuiteRunner.run(SuiteRunner.java:261)
	at org.testng.SuiteRunnerWorker.runSuite(SuiteRunnerWorker.java:52)
	at org.testng.SuiteRunnerWorker.run(SuiteRunnerWorker.java:86)
	at org.testng.TestNG.runSuitesSequentially(TestNG.java:1215)
	at org.testng.TestNG.runSuitesLocally(TestNG.java:1140)
	at org.testng.TestNG.run(TestNG.java:1048)
	at org.testng.remote.RemoteTestNG.run(RemoteTestNG.java:112)
	at org.testng.remote.RemoteTestNG.initAndRun(RemoteTestNG.java:205)
	at org.testng.remote.RemoteTestNG.main(RemoteTestNG.java:176)
]]>
            </full-stacktrace>
          </exception> <!-- java.lang.IllegalStateException -->
          <reporter-output>
          </reporter-output>
        </test-method> <!-- verifyPageTitle -->
      </class> <!-- com.sample.testng.SampleTestNG -->
    </test> <!-- Default test -->
  </suite> <!-- Default suite -->
</testng-results>
